<?xml version="1.0" encoding="UTF-8"?>
<TestRun id="30fd2ae3-a1d9-4b14-a409-ff1eac3f86f6" name="Alpheratz@ALPHERATZ 2013-11-23 10:40:55" runUser="ALPHERATZ\Alpheratz" xmlns="http://microsoft.com/schemas/VisualStudio/TeamTest/2010">
  <TestSettings name="Local" id="3bb9b01f-53d9-4978-a31b-c73d7a057c86">
    <Description>These are default test settings for a local test run.</Description>
    <Deployment enabled="false" runDeploymentRoot="Alpheratz_ALPHERATZ 2013-11-23 10_40_55">
      <DeploymentItem filename="C:\Users\Томас\documents\visual studio 2010\Projects\tp_lab_4\tp_lab_4\bin\Debug\tp_lab_4.exe" />
    </Deployment>
    <Execution>
      <TestTypeSpecific />
      <AgentRule name="Execution Agents">
      </AgentRule>
    </Execution>
  </TestSettings>
  <Times creation="2013-11-23T10:40:55.4947116+03:00" queuing="2013-11-23T10:40:55.5857712+03:00" start="2013-11-23T10:40:55.5957774+03:00" finish="2013-11-23T10:40:56.2492109+03:00" />
  <ResultSummary outcome="Completed">
    <Counters total="1" executed="1" passed="1" error="0" failed="0" timeout="0" aborted="0" inconclusive="0" passedButRunAborted="0" notRunnable="0" notExecuted="0" disconnected="0" warning="0" completed="0" inProgress="0" pending="0" />
  </ResultSummary>
  <TestDefinitions>
    <UnitTest name="SavingsAccountConstructorTest1" storage="c:\users\томас\documents\visual studio 2010\projects\tp_lab_4\testproject\bin\debug\testproject.dll" id="ccb7f12c-c2c7-e8c3-73b6-38c60b00775d">
      <Execution id="d056fd4f-46fb-4678-bb7f-1adb02c45e63" />
      <TestMethod codeBase="C:/Users/Томас/Documents/Visual Studio 2010/Projects/tp_lab_4/TestProject/bin/Debug/TestProject.DLL" adapterTypeName="Microsoft.VisualStudio.TestTools.TestTypes.Unit.UnitTestAdapter, Microsoft.VisualStudio.QualityTools.Tips.UnitTest.Adapter, Version=10.0.0.0, Culture=neutral, PublicKeyToken=b03f5f7f11d50a3a" className="TestProject.SavingsAccountTest, TestProject, Version=1.0.0.0, Culture=neutral, PublicKeyToken=null" name="SavingsAccountConstructorTest1" />
    </UnitTest>
  </TestDefinitions>
  <TestLists>
    <TestList name="Results Not in a List" id="8c84fa94-04c1-424b-9868-57a2d4851a1d" />
    <TestList name="All Loaded Results" id="19431567-8539-422a-85d7-44ee4e166bda" />
  </TestLists>
  <TestEntries>
    <TestEntry testId="ccb7f12c-c2c7-e8c3-73b6-38c60b00775d" executionId="d056fd4f-46fb-4678-bb7f-1adb02c45e63" testListId="8c84fa94-04c1-424b-9868-57a2d4851a1d" />
  </TestEntries>
  <Results>
    <UnitTestResult executionId="d056fd4f-46fb-4678-bb7f-1adb02c45e63" testId="ccb7f12c-c2c7-e8c3-73b6-38c60b00775d" testName="SavingsAccountConstructorTest1" computerName="ALPHERATZ" duration="00:00:00.0493719" startTime="2013-11-23T10:40:55.6007812+03:00" endTime="2013-11-23T10:40:56.2121867+03:00" testType="13cdc9d9-ddb5-4fa4-a97d-d965ccfc6d4b" outcome="Passed" testListId="8c84fa94-04c1-424b-9868-57a2d4851a1d" relativeResultsDirectory="d056fd4f-46fb-4678-bb7f-1adb02c45e63">
    </UnitTestResult>
  </Results>
</TestRun>