<?xml version="1.0" encoding="UTF-8"?>
<TestRun id="dcf5d99a-2c97-4d95-b037-3b4232fad21c" name="Alpheratz@ALPHERATZ 2013-11-23 10:40:40" runUser="ALPHERATZ\Alpheratz" xmlns="http://microsoft.com/schemas/VisualStudio/TeamTest/2010">
  <TestSettings name="Local" id="3bb9b01f-53d9-4978-a31b-c73d7a057c86">
    <Description>These are default test settings for a local test run.</Description>
    <Deployment enabled="false" runDeploymentRoot="Alpheratz_ALPHERATZ 2013-11-23 10_40_40">
      <DeploymentItem filename="C:\Users\Томас\documents\visual studio 2010\Projects\tp_lab_4\tp_lab_4\bin\Debug\tp_lab_4.exe" />
    </Deployment>
    <Execution>
      <TestTypeSpecific />
      <AgentRule name="Execution Agents">
      </AgentRule>
    </Execution>
  </TestSettings>
  <Times creation="2013-11-23T10:40:40.2035771+03:00" queuing="2013-11-23T10:40:40.2746246+03:00" start="2013-11-23T10:40:40.2956377+03:00" finish="2013-11-23T10:40:40.9941014+03:00" />
  <ResultSummary outcome="Inconclusive">
    <Counters total="1" executed="1" error="0" failed="0" timeout="0" aborted="0" inconclusive="1" passedButRunAborted="0" notRunnable="0" notExecuted="0" disconnected="0" warning="0" passed="0" completed="0" inProgress="0" pending="0" />
  </ResultSummary>
  <TestDefinitions>
    <UnitTest name="SavingsAccountConstructorTest" storage="c:\users\томас\documents\visual studio 2010\projects\tp_lab_4\testproject\bin\debug\testproject.dll" id="46098c4c-d876-3463-9eb4-443e386a8459">
      <Execution id="fcae15e9-5d97-4d21-a633-53a5fa4b1f4e" />
      <TestMethod codeBase="C:/Users/Томас/Documents/Visual Studio 2010/Projects/tp_lab_4/TestProject/bin/Debug/TestProject.DLL" adapterTypeName="Microsoft.VisualStudio.TestTools.TestTypes.Unit.UnitTestAdapter, Microsoft.VisualStudio.QualityTools.Tips.UnitTest.Adapter, Version=10.0.0.0, Culture=neutral, PublicKeyToken=b03f5f7f11d50a3a" className="TestProject.SavingsAccountTest, TestProject, Version=1.0.0.0, Culture=neutral, PublicKeyToken=null" name="SavingsAccountConstructorTest" />
    </UnitTest>
  </TestDefinitions>
  <TestLists>
    <TestList name="Results Not in a List" id="8c84fa94-04c1-424b-9868-57a2d4851a1d" />
    <TestList name="All Loaded Results" id="19431567-8539-422a-85d7-44ee4e166bda" />
  </TestLists>
  <TestEntries>
    <TestEntry testId="46098c4c-d876-3463-9eb4-443e386a8459" executionId="fcae15e9-5d97-4d21-a633-53a5fa4b1f4e" testListId="8c84fa94-04c1-424b-9868-57a2d4851a1d" />
  </TestEntries>
  <Results>
    <UnitTestResult executionId="fcae15e9-5d97-4d21-a633-53a5fa4b1f4e" testId="46098c4c-d876-3463-9eb4-443e386a8459" testName="SavingsAccountConstructorTest" computerName="ALPHERATZ" duration="00:00:00.1016369" startTime="2013-11-23T10:40:40.2996408+03:00" endTime="2013-11-23T10:40:40.9620845+03:00" testType="13cdc9d9-ddb5-4fa4-a97d-d965ccfc6d4b" outcome="Inconclusive" testListId="8c84fa94-04c1-424b-9868-57a2d4851a1d" relativeResultsDirectory="fcae15e9-5d97-4d21-a633-53a5fa4b1f4e">
      <Output>
        <ErrorInfo>
          <Message>Assert.Inconclusive failed. TODO: Implement code to verify target</Message>
          <StackTrace>   в TestProject.SavingsAccountTest.SavingsAccountConstructorTest() в C:\Users\Томас\Documents\Visual Studio 2010\Projects\tp_lab_4\TestProject\SavingsAccountTest.cs:строка 135
</StackTrace>
        </ErrorInfo>
      </Output>
    </UnitTestResult>
  </Results>
</TestRun>