<?xml version="1.0" encoding="UTF-8"?>
<TestRun id="3b385234-e2d9-4f31-b0e0-45fe182b6679" name="Alpheratz@ALPHERATZ 2013-11-23 13:02:06" runUser="ALPHERATZ\Alpheratz" xmlns="http://microsoft.com/schemas/VisualStudio/TeamTest/2010">
  <TestSettings name="Local" id="3bb9b01f-53d9-4978-a31b-c73d7a057c86">
    <Description>These are default test settings for a local test run.</Description>
    <Deployment enabled="false" runDeploymentRoot="Alpheratz_ALPHERATZ 2013-11-23 13_02_06">
      <DeploymentItem filename="C:\Users\Томас\documents\visual studio 2010\Projects\tp_lab_4\tp_lab_4\bin\Debug\tp_lab_4.exe" />
    </Deployment>
    <Execution>
      <TestTypeSpecific />
      <AgentRule name="Execution Agents">
      </AgentRule>
    </Execution>
  </TestSettings>
  <Times creation="2013-11-23T13:02:06.3302836+03:00" queuing="2013-11-23T13:02:06.3943225+03:00" start="2013-11-23T13:02:06.4203401+03:00" finish="2013-11-23T13:02:07.3329445+03:00" />
  <ResultSummary outcome="Warning">
    <Counters total="1" executed="1" passed="1" error="0" failed="0" timeout="0" aborted="0" inconclusive="0" passedButRunAborted="0" notRunnable="0" notExecuted="0" disconnected="0" warning="0" completed="0" inProgress="0" pending="0" />
    <RunInfos>
      <RunInfo computerName="ALPHERATZ" outcome="Warning" timestamp="2013-11-23T13:02:06.3943225+03:00">
        <Text>Deployment is currently disabled. The deployment item 'tp_lab_4.exe' on test 'TestProject.ATMTest.LoginTest' was not deployed.</Text>
      </RunInfo>
    </RunInfos>
  </ResultSummary>
  <TestDefinitions>
    <UnitTest name="LoginTest" storage="c:\users\томас\documents\visual studio 2010\projects\tp_lab_4\testproject\bin\debug\testproject.dll" id="05d3389e-2f8d-59de-c5d4-2bf1da382658">
      <DeploymentItems>
        <DeploymentItem filename="tp_lab_4.exe" />
      </DeploymentItems>
      <Execution id="458cf889-b5ea-4bbd-87b4-409c52a77092" />
      <TestMethod codeBase="C:/Users/Томас/Documents/Visual Studio 2010/Projects/tp_lab_4/TestProject/bin/Debug/TestProject.DLL" adapterTypeName="Microsoft.VisualStudio.TestTools.TestTypes.Unit.UnitTestAdapter, Microsoft.VisualStudio.QualityTools.Tips.UnitTest.Adapter, Version=10.0.0.0, Culture=neutral, PublicKeyToken=b03f5f7f11d50a3a" className="TestProject.ATMTest, TestProject, Version=1.0.0.0, Culture=neutral, PublicKeyToken=null" name="LoginTest" />
    </UnitTest>
  </TestDefinitions>
  <TestLists>
    <TestList name="Results Not in a List" id="8c84fa94-04c1-424b-9868-57a2d4851a1d" />
    <TestList name="All Loaded Results" id="19431567-8539-422a-85d7-44ee4e166bda" />
  </TestLists>
  <TestEntries>
    <TestEntry testId="05d3389e-2f8d-59de-c5d4-2bf1da382658" executionId="458cf889-b5ea-4bbd-87b4-409c52a77092" testListId="8c84fa94-04c1-424b-9868-57a2d4851a1d" />
  </TestEntries>
  <Results>
    <UnitTestResult executionId="458cf889-b5ea-4bbd-87b4-409c52a77092" testId="05d3389e-2f8d-59de-c5d4-2bf1da382658" testName="LoginTest" computerName="ALPHERATZ" duration="00:00:00.2870044" startTime="2013-11-23T13:02:06.4733749+03:00" endTime="2013-11-23T13:02:07.3029274+03:00" testType="13cdc9d9-ddb5-4fa4-a97d-d965ccfc6d4b" outcome="Passed" testListId="8c84fa94-04c1-424b-9868-57a2d4851a1d" relativeResultsDirectory="458cf889-b5ea-4bbd-87b4-409c52a77092">
    </UnitTestResult>
  </Results>
</TestRun>