<?xml version="1.0" encoding="UTF-8"?>
<TestRun id="fa642a5b-ed56-4d3c-a64d-807b5aafd03f" name="Alpheratz@ALPHERATZ 2013-11-23 10:53:38" runUser="ALPHERATZ\Alpheratz" xmlns="http://microsoft.com/schemas/VisualStudio/TeamTest/2010">
  <TestSettings name="Local" id="3bb9b01f-53d9-4978-a31b-c73d7a057c86">
    <Description>These are default test settings for a local test run.</Description>
    <Deployment enabled="false" runDeploymentRoot="Alpheratz_ALPHERATZ 2013-11-23 10_53_38">
      <DeploymentItem filename="C:\Users\Томас\documents\visual studio 2010\Projects\tp_lab_4\tp_lab_4\bin\Debug\tp_lab_4.exe" />
    </Deployment>
    <Execution>
      <TestTypeSpecific />
      <AgentRule name="Execution Agents">
      </AgentRule>
    </Execution>
  </TestSettings>
  <Times creation="2013-11-23T10:53:38.8528314+03:00" queuing="2013-11-23T10:53:41.0482856+03:00" start="2013-11-23T10:53:41.2484159+03:00" finish="2013-11-23T10:53:44.1453361+03:00" />
  <ResultSummary outcome="Completed">
    <Counters total="22" executed="22" passed="22" error="0" failed="0" timeout="0" aborted="0" inconclusive="0" passedButRunAborted="0" notRunnable="0" notExecuted="0" disconnected="0" warning="0" completed="0" inProgress="0" pending="0" />
  </ResultSummary>
  <TestDefinitions>
    <UnitTest name="CheckBalanceTest2" storage="c:\users\томас\documents\visual studio 2010\projects\tp_lab_4\testproject\bin\debug\testproject.dll" id="40119914-768a-91ac-7f5d-1560d2c1738d">
      <Execution id="70b2ee18-5338-4d58-aae8-89242160c29b" />
      <TestMethod codeBase="C:/Users/Томас/Documents/Visual Studio 2010/Projects/tp_lab_4/TestProject/bin/Debug/TestProject.DLL" adapterTypeName="Microsoft.VisualStudio.TestTools.TestTypes.Unit.UnitTestAdapter, Microsoft.VisualStudio.QualityTools.Tips.UnitTest.Adapter, Version=10.0.0.0, Culture=neutral, PublicKeyToken=b03f5f7f11d50a3a" className="TestProject.OverdraftAccountTest, TestProject, Version=1.0.0.0, Culture=neutral, PublicKeyToken=null" name="CheckBalanceTest2" />
    </UnitTest>
    <UnitTest name="WithdrawTest1" storage="c:\users\томас\documents\visual studio 2010\projects\tp_lab_4\testproject\bin\debug\testproject.dll" id="3fd24b6d-d52c-d2b5-ce46-c1241d8e76f9">
      <Execution id="3a5fde8c-2872-4093-9504-44603f261924" />
      <TestMethod codeBase="C:/Users/Томас/Documents/Visual Studio 2010/Projects/tp_lab_4/TestProject/bin/Debug/TestProject.DLL" adapterTypeName="Microsoft.VisualStudio.TestTools.TestTypes.Unit.UnitTestAdapter, Microsoft.VisualStudio.QualityTools.Tips.UnitTest.Adapter, Version=10.0.0.0, Culture=neutral, PublicKeyToken=b03f5f7f11d50a3a" className="TestProject.SavingsAccountTest, TestProject, Version=1.0.0.0, Culture=neutral, PublicKeyToken=null" name="WithdrawTest1" />
    </UnitTest>
    <UnitTest name="WithdrawTest1" storage="c:\users\томас\documents\visual studio 2010\projects\tp_lab_4\testproject\bin\debug\testproject.dll" id="d4283844-5544-bd64-8504-6fefb31dfb59">
      <Execution id="a9100fb1-a439-440f-a7e1-505d4215eeea" />
      <TestMethod codeBase="C:/Users/Томас/Documents/Visual Studio 2010/Projects/tp_lab_4/TestProject/bin/Debug/TestProject.DLL" adapterTypeName="Microsoft.VisualStudio.TestTools.TestTypes.Unit.UnitTestAdapter, Microsoft.VisualStudio.QualityTools.Tips.UnitTest.Adapter, Version=10.0.0.0, Culture=neutral, PublicKeyToken=b03f5f7f11d50a3a" className="TestProject.TimedMaturityAccountTest, TestProject, Version=1.0.0.0, Culture=neutral, PublicKeyToken=null" name="WithdrawTest1" />
    </UnitTest>
    <UnitTest name="CheckBalanceTest" storage="c:\users\томас\documents\visual studio 2010\projects\tp_lab_4\testproject\bin\debug\testproject.dll" id="d85feacb-cbc1-a5b1-ab33-968b7a817475">
      <Execution id="a9f7320c-21aa-46b4-a98c-d7e5885c82a6" />
      <TestMethod codeBase="C:/Users/Томас/Documents/Visual Studio 2010/Projects/tp_lab_4/TestProject/bin/Debug/TestProject.DLL" adapterTypeName="Microsoft.VisualStudio.TestTools.TestTypes.Unit.UnitTestAdapter, Microsoft.VisualStudio.QualityTools.Tips.UnitTest.Adapter, Version=10.0.0.0, Culture=neutral, PublicKeyToken=b03f5f7f11d50a3a" className="TestProject.SavingsAccountTest, TestProject, Version=1.0.0.0, Culture=neutral, PublicKeyToken=null" name="CheckBalanceTest" />
    </UnitTest>
    <UnitTest name="OverdraftAccountConstructorTest" storage="c:\users\томас\documents\visual studio 2010\projects\tp_lab_4\testproject\bin\debug\testproject.dll" id="320a0aa1-ab60-c701-d8e7-d98185ffa4aa">
      <Execution id="adfa4322-ace3-4fcc-b6cf-f7c3bfc3b665" />
      <TestMethod codeBase="C:/Users/Томас/Documents/Visual Studio 2010/Projects/tp_lab_4/TestProject/bin/Debug/TestProject.DLL" adapterTypeName="Microsoft.VisualStudio.TestTools.TestTypes.Unit.UnitTestAdapter, Microsoft.VisualStudio.QualityTools.Tips.UnitTest.Adapter, Version=10.0.0.0, Culture=neutral, PublicKeyToken=b03f5f7f11d50a3a" className="TestProject.OverdraftAccountTest, TestProject, Version=1.0.0.0, Culture=neutral, PublicKeyToken=null" name="OverdraftAccountConstructorTest" />
    </UnitTest>
    <UnitTest name="CheckingAccountConstructorTest1" storage="c:\users\томас\documents\visual studio 2010\projects\tp_lab_4\testproject\bin\debug\testproject.dll" id="48be869a-44d0-2fa1-f225-d2277c0d90de">
      <Execution id="6357e72a-6f9c-4a71-a38f-0766e0169d14" />
      <TestMethod codeBase="C:/Users/Томас/Documents/Visual Studio 2010/Projects/tp_lab_4/TestProject/bin/Debug/TestProject.DLL" adapterTypeName="Microsoft.VisualStudio.TestTools.TestTypes.Unit.UnitTestAdapter, Microsoft.VisualStudio.QualityTools.Tips.UnitTest.Adapter, Version=10.0.0.0, Culture=neutral, PublicKeyToken=b03f5f7f11d50a3a" className="TestProject.CheckingAccountTest, TestProject, Version=1.0.0.0, Culture=neutral, PublicKeyToken=null" name="CheckingAccountConstructorTest1" />
    </UnitTest>
    <UnitTest name="SavingsAccountConstructorTest1" storage="c:\users\томас\documents\visual studio 2010\projects\tp_lab_4\testproject\bin\debug\testproject.dll" id="ccb7f12c-c2c7-e8c3-73b6-38c60b00775d">
      <Execution id="8a6ea487-8ebe-4fc0-8837-89b3995714ab" />
      <TestMethod codeBase="C:/Users/Томас/Documents/Visual Studio 2010/Projects/tp_lab_4/TestProject/bin/Debug/TestProject.DLL" adapterTypeName="Microsoft.VisualStudio.TestTools.TestTypes.Unit.UnitTestAdapter, Microsoft.VisualStudio.QualityTools.Tips.UnitTest.Adapter, Version=10.0.0.0, Culture=neutral, PublicKeyToken=b03f5f7f11d50a3a" className="TestProject.SavingsAccountTest, TestProject, Version=1.0.0.0, Culture=neutral, PublicKeyToken=null" name="SavingsAccountConstructorTest1" />
    </UnitTest>
    <UnitTest name="CheckBalanceTest" storage="c:\users\томас\documents\visual studio 2010\projects\tp_lab_4\testproject\bin\debug\testproject.dll" id="81694bce-5837-2414-4d67-103ba283bc04">
      <Execution id="dac116f6-be75-4542-9e6a-486c600615d8" />
      <TestMethod codeBase="C:/Users/Томас/Documents/Visual Studio 2010/Projects/tp_lab_4/TestProject/bin/Debug/TestProject.DLL" adapterTypeName="Microsoft.VisualStudio.TestTools.TestTypes.Unit.UnitTestAdapter, Microsoft.VisualStudio.QualityTools.Tips.UnitTest.Adapter, Version=10.0.0.0, Culture=neutral, PublicKeyToken=b03f5f7f11d50a3a" className="TestProject.CheckingAccountTest, TestProject, Version=1.0.0.0, Culture=neutral, PublicKeyToken=null" name="CheckBalanceTest" />
    </UnitTest>
    <UnitTest name="SavingsAccountConstructorTest" storage="c:\users\томас\documents\visual studio 2010\projects\tp_lab_4\testproject\bin\debug\testproject.dll" id="46098c4c-d876-3463-9eb4-443e386a8459">
      <Execution id="51da8be3-c0c1-4ad1-a514-116223cd833a" />
      <TestMethod codeBase="C:/Users/Томас/Documents/Visual Studio 2010/Projects/tp_lab_4/TestProject/bin/Debug/TestProject.DLL" adapterTypeName="Microsoft.VisualStudio.TestTools.TestTypes.Unit.UnitTestAdapter, Microsoft.VisualStudio.QualityTools.Tips.UnitTest.Adapter, Version=10.0.0.0, Culture=neutral, PublicKeyToken=b03f5f7f11d50a3a" className="TestProject.SavingsAccountTest, TestProject, Version=1.0.0.0, Culture=neutral, PublicKeyToken=null" name="SavingsAccountConstructorTest" />
    </UnitTest>
    <UnitTest name="AccruePercentsTest" storage="c:\users\томас\documents\visual studio 2010\projects\tp_lab_4\testproject\bin\debug\testproject.dll" id="0b378d9a-6583-b55f-35b0-eea1ece0a897">
      <Execution id="84980e08-d06c-4e15-91cf-08cb57fa110c" />
      <TestMethod codeBase="C:/Users/Томас/Documents/Visual Studio 2010/Projects/tp_lab_4/TestProject/bin/Debug/TestProject.DLL" adapterTypeName="Microsoft.VisualStudio.TestTools.TestTypes.Unit.UnitTestAdapter, Microsoft.VisualStudio.QualityTools.Tips.UnitTest.Adapter, Version=10.0.0.0, Culture=neutral, PublicKeyToken=b03f5f7f11d50a3a" className="TestProject.SavingsAccountTest, TestProject, Version=1.0.0.0, Culture=neutral, PublicKeyToken=null" name="AccruePercentsTest" />
    </UnitTest>
    <UnitTest name="AccruePercentsTest" storage="c:\users\томас\documents\visual studio 2010\projects\tp_lab_4\testproject\bin\debug\testproject.dll" id="86521e22-20a1-f801-ec40-e5a1ae1b8d90">
      <DeploymentItems>
        <DeploymentItem filename="tp_lab_4.exe" />
      </DeploymentItems>
      <Execution id="60a3428d-d73e-45d7-b9a8-49fe2c6de466" />
      <TestMethod codeBase="C:/Users/Томас/Documents/Visual Studio 2010/Projects/tp_lab_4/TestProject/bin/Debug/TestProject.DLL" adapterTypeName="Microsoft.VisualStudio.TestTools.TestTypes.Unit.UnitTestAdapter, Microsoft.VisualStudio.QualityTools.Tips.UnitTest.Adapter, Version=10.0.0.0, Culture=neutral, PublicKeyToken=b03f5f7f11d50a3a" className="TestProject.OverdraftAccountTest, TestProject, Version=1.0.0.0, Culture=neutral, PublicKeyToken=null" name="AccruePercentsTest" />
    </UnitTest>
    <UnitTest name="CheckBalanceTest1" storage="c:\users\томас\documents\visual studio 2010\projects\tp_lab_4\testproject\bin\debug\testproject.dll" id="4ca3fa70-5e7f-e23a-34a4-cb2747584b7e">
      <Execution id="83e23ff5-d6b5-4da9-a414-780556dabf2f" />
      <TestMethod codeBase="C:/Users/Томас/Documents/Visual Studio 2010/Projects/tp_lab_4/TestProject/bin/Debug/TestProject.DLL" adapterTypeName="Microsoft.VisualStudio.TestTools.TestTypes.Unit.UnitTestAdapter, Microsoft.VisualStudio.QualityTools.Tips.UnitTest.Adapter, Version=10.0.0.0, Culture=neutral, PublicKeyToken=b03f5f7f11d50a3a" className="TestProject.OverdraftAccountTest, TestProject, Version=1.0.0.0, Culture=neutral, PublicKeyToken=null" name="CheckBalanceTest1" />
    </UnitTest>
    <UnitTest name="CheckBalanceTest" storage="c:\users\томас\documents\visual studio 2010\projects\tp_lab_4\testproject\bin\debug\testproject.dll" id="bd322020-b0e7-2f58-3493-0b69867350e1">
      <Execution id="8622639f-96de-46f4-a02f-026ea595629f" />
      <TestMethod codeBase="C:/Users/Томас/Documents/Visual Studio 2010/Projects/tp_lab_4/TestProject/bin/Debug/TestProject.DLL" adapterTypeName="Microsoft.VisualStudio.TestTools.TestTypes.Unit.UnitTestAdapter, Microsoft.VisualStudio.QualityTools.Tips.UnitTest.Adapter, Version=10.0.0.0, Culture=neutral, PublicKeyToken=b03f5f7f11d50a3a" className="TestProject.OverdraftAccountTest, TestProject, Version=1.0.0.0, Culture=neutral, PublicKeyToken=null" name="CheckBalanceTest" />
    </UnitTest>
    <UnitTest name="CheckingAccountConstructorTest" storage="c:\users\томас\documents\visual studio 2010\projects\tp_lab_4\testproject\bin\debug\testproject.dll" id="66d9e69a-2c76-c2e0-57ff-7fef87532548">
      <Execution id="c56456e5-973b-4c0d-b177-44bff4aa107c" />
      <TestMethod codeBase="C:/Users/Томас/Documents/Visual Studio 2010/Projects/tp_lab_4/TestProject/bin/Debug/TestProject.DLL" adapterTypeName="Microsoft.VisualStudio.TestTools.TestTypes.Unit.UnitTestAdapter, Microsoft.VisualStudio.QualityTools.Tips.UnitTest.Adapter, Version=10.0.0.0, Culture=neutral, PublicKeyToken=b03f5f7f11d50a3a" className="TestProject.CheckingAccountTest, TestProject, Version=1.0.0.0, Culture=neutral, PublicKeyToken=null" name="CheckingAccountConstructorTest" />
    </UnitTest>
    <UnitTest name="CheckBalanceTest" storage="c:\users\томас\documents\visual studio 2010\projects\tp_lab_4\testproject\bin\debug\testproject.dll" id="62ceffd0-193c-77fb-b637-af8857e2a0a1">
      <Execution id="f4def207-7b02-4c98-8e0f-c14ab4e6e526" />
      <TestMethod codeBase="C:/Users/Томас/Documents/Visual Studio 2010/Projects/tp_lab_4/TestProject/bin/Debug/TestProject.DLL" adapterTypeName="Microsoft.VisualStudio.TestTools.TestTypes.Unit.UnitTestAdapter, Microsoft.VisualStudio.QualityTools.Tips.UnitTest.Adapter, Version=10.0.0.0, Culture=neutral, PublicKeyToken=b03f5f7f11d50a3a" className="TestProject.TimedMaturityAccountTest, TestProject, Version=1.0.0.0, Culture=neutral, PublicKeyToken=null" name="CheckBalanceTest" />
    </UnitTest>
    <UnitTest name="TimedMaturityAccountConstructorTest" storage="c:\users\томас\documents\visual studio 2010\projects\tp_lab_4\testproject\bin\debug\testproject.dll" id="5caac51c-2826-4134-4d10-6fbbec5391ad">
      <Execution id="9de56cf0-df6b-4969-8657-12b5edeeffce" />
      <TestMethod codeBase="C:/Users/Томас/Documents/Visual Studio 2010/Projects/tp_lab_4/TestProject/bin/Debug/TestProject.DLL" adapterTypeName="Microsoft.VisualStudio.TestTools.TestTypes.Unit.UnitTestAdapter, Microsoft.VisualStudio.QualityTools.Tips.UnitTest.Adapter, Version=10.0.0.0, Culture=neutral, PublicKeyToken=b03f5f7f11d50a3a" className="TestProject.TimedMaturityAccountTest, TestProject, Version=1.0.0.0, Culture=neutral, PublicKeyToken=null" name="TimedMaturityAccountConstructorTest" />
    </UnitTest>
    <UnitTest name="WithdrawTest" storage="c:\users\томас\documents\visual studio 2010\projects\tp_lab_4\testproject\bin\debug\testproject.dll" id="f792bb86-7bfb-5592-c7a0-d40ddb11646f">
      <Execution id="b5a9463f-1c02-4d9b-8e3a-b5e7cd0f3237" />
      <TestMethod codeBase="C:/Users/Томас/Documents/Visual Studio 2010/Projects/tp_lab_4/TestProject/bin/Debug/TestProject.DLL" adapterTypeName="Microsoft.VisualStudio.TestTools.TestTypes.Unit.UnitTestAdapter, Microsoft.VisualStudio.QualityTools.Tips.UnitTest.Adapter, Version=10.0.0.0, Culture=neutral, PublicKeyToken=b03f5f7f11d50a3a" className="TestProject.SavingsAccountTest, TestProject, Version=1.0.0.0, Culture=neutral, PublicKeyToken=null" name="WithdrawTest" />
    </UnitTest>
    <UnitTest name="ValidateTransactionNumberTest" storage="c:\users\томас\documents\visual studio 2010\projects\tp_lab_4\testproject\bin\debug\testproject.dll" id="3cbd2e1d-be43-0392-81c6-3479aa7cbd66">
      <DeploymentItems>
        <DeploymentItem filename="tp_lab_4.exe" />
      </DeploymentItems>
      <Execution id="7d169cb5-94f6-4bcd-979a-527a81f4011a" />
      <TestMethod codeBase="C:/Users/Томас/Documents/Visual Studio 2010/Projects/tp_lab_4/TestProject/bin/Debug/TestProject.DLL" adapterTypeName="Microsoft.VisualStudio.TestTools.TestTypes.Unit.UnitTestAdapter, Microsoft.VisualStudio.QualityTools.Tips.UnitTest.Adapter, Version=10.0.0.0, Culture=neutral, PublicKeyToken=b03f5f7f11d50a3a" className="TestProject.CheckingAccountTest, TestProject, Version=1.0.0.0, Culture=neutral, PublicKeyToken=null" name="ValidateTransactionNumberTest" />
    </UnitTest>
    <UnitTest name="WithdrawTest" storage="c:\users\томас\documents\visual studio 2010\projects\tp_lab_4\testproject\bin\debug\testproject.dll" id="71c933a1-f685-40ae-60a9-41d52b805e86">
      <Execution id="d14892d9-8733-41c7-b8ec-1cb687998e20" />
      <TestMethod codeBase="C:/Users/Томас/Documents/Visual Studio 2010/Projects/tp_lab_4/TestProject/bin/Debug/TestProject.DLL" adapterTypeName="Microsoft.VisualStudio.TestTools.TestTypes.Unit.UnitTestAdapter, Microsoft.VisualStudio.QualityTools.Tips.UnitTest.Adapter, Version=10.0.0.0, Culture=neutral, PublicKeyToken=b03f5f7f11d50a3a" className="TestProject.TimedMaturityAccountTest, TestProject, Version=1.0.0.0, Culture=neutral, PublicKeyToken=null" name="WithdrawTest" />
    </UnitTest>
    <UnitTest name="OverdraftAccountConstructorTest1" storage="c:\users\томас\documents\visual studio 2010\projects\tp_lab_4\testproject\bin\debug\testproject.dll" id="4a63e06b-2977-a606-f906-adef2f4dc4ba">
      <Execution id="d9fa8be3-f3fa-4095-b927-0786659c74f6" />
      <TestMethod codeBase="C:/Users/Томас/Documents/Visual Studio 2010/Projects/tp_lab_4/TestProject/bin/Debug/TestProject.DLL" adapterTypeName="Microsoft.VisualStudio.TestTools.TestTypes.Unit.UnitTestAdapter, Microsoft.VisualStudio.QualityTools.Tips.UnitTest.Adapter, Version=10.0.0.0, Culture=neutral, PublicKeyToken=b03f5f7f11d50a3a" className="TestProject.OverdraftAccountTest, TestProject, Version=1.0.0.0, Culture=neutral, PublicKeyToken=null" name="OverdraftAccountConstructorTest1" />
    </UnitTest>
    <UnitTest name="TimedMaturityAccountConstructorTest1" storage="c:\users\томас\documents\visual studio 2010\projects\tp_lab_4\testproject\bin\debug\testproject.dll" id="14d93a57-b332-046c-753e-814e87dc8c06">
      <Execution id="f95f4aff-66eb-4962-8c2f-1fed8afbd2c1" />
      <TestMethod codeBase="C:/Users/Томас/Documents/Visual Studio 2010/Projects/tp_lab_4/TestProject/bin/Debug/TestProject.DLL" adapterTypeName="Microsoft.VisualStudio.TestTools.TestTypes.Unit.UnitTestAdapter, Microsoft.VisualStudio.QualityTools.Tips.UnitTest.Adapter, Version=10.0.0.0, Culture=neutral, PublicKeyToken=b03f5f7f11d50a3a" className="TestProject.TimedMaturityAccountTest, TestProject, Version=1.0.0.0, Culture=neutral, PublicKeyToken=null" name="TimedMaturityAccountConstructorTest1" />
    </UnitTest>
    <UnitTest name="CheckBalanceTest1" storage="c:\users\томас\documents\visual studio 2010\projects\tp_lab_4\testproject\bin\debug\testproject.dll" id="58422d96-d1ba-b6b7-9f8e-c9d7a8785268">
      <Execution id="ec9b72aa-354f-417e-b14d-b28bd7fd759b" />
      <TestMethod codeBase="C:/Users/Томас/Documents/Visual Studio 2010/Projects/tp_lab_4/TestProject/bin/Debug/TestProject.DLL" adapterTypeName="Microsoft.VisualStudio.TestTools.TestTypes.Unit.UnitTestAdapter, Microsoft.VisualStudio.QualityTools.Tips.UnitTest.Adapter, Version=10.0.0.0, Culture=neutral, PublicKeyToken=b03f5f7f11d50a3a" className="TestProject.CheckingAccountTest, TestProject, Version=1.0.0.0, Culture=neutral, PublicKeyToken=null" name="CheckBalanceTest1" />
    </UnitTest>
  </TestDefinitions>
  <TestLists>
    <TestList name="Results Not in a List" id="8c84fa94-04c1-424b-9868-57a2d4851a1d" />
    <TestList name="All Loaded Results" id="19431567-8539-422a-85d7-44ee4e166bda" />
  </TestLists>
  <TestEntries>
    <TestEntry testId="d85feacb-cbc1-a5b1-ab33-968b7a817475" executionId="a9f7320c-21aa-46b4-a98c-d7e5885c82a6" testListId="8c84fa94-04c1-424b-9868-57a2d4851a1d" />
    <TestEntry testId="f792bb86-7bfb-5592-c7a0-d40ddb11646f" executionId="b5a9463f-1c02-4d9b-8e3a-b5e7cd0f3237" testListId="8c84fa94-04c1-424b-9868-57a2d4851a1d" />
    <TestEntry testId="3fd24b6d-d52c-d2b5-ce46-c1241d8e76f9" executionId="3a5fde8c-2872-4093-9504-44603f261924" testListId="8c84fa94-04c1-424b-9868-57a2d4851a1d" />
    <TestEntry testId="71c933a1-f685-40ae-60a9-41d52b805e86" executionId="d14892d9-8733-41c7-b8ec-1cb687998e20" testListId="8c84fa94-04c1-424b-9868-57a2d4851a1d" />
    <TestEntry testId="d4283844-5544-bd64-8504-6fefb31dfb59" executionId="a9100fb1-a439-440f-a7e1-505d4215eeea" testListId="8c84fa94-04c1-424b-9868-57a2d4851a1d" />
    <TestEntry testId="81694bce-5837-2414-4d67-103ba283bc04" executionId="dac116f6-be75-4542-9e6a-486c600615d8" testListId="8c84fa94-04c1-424b-9868-57a2d4851a1d" />
    <TestEntry testId="58422d96-d1ba-b6b7-9f8e-c9d7a8785268" executionId="ec9b72aa-354f-417e-b14d-b28bd7fd759b" testListId="8c84fa94-04c1-424b-9868-57a2d4851a1d" />
    <TestEntry testId="bd322020-b0e7-2f58-3493-0b69867350e1" executionId="8622639f-96de-46f4-a02f-026ea595629f" testListId="8c84fa94-04c1-424b-9868-57a2d4851a1d" />
    <TestEntry testId="4ca3fa70-5e7f-e23a-34a4-cb2747584b7e" executionId="83e23ff5-d6b5-4da9-a414-780556dabf2f" testListId="8c84fa94-04c1-424b-9868-57a2d4851a1d" />
    <TestEntry testId="40119914-768a-91ac-7f5d-1560d2c1738d" executionId="70b2ee18-5338-4d58-aae8-89242160c29b" testListId="8c84fa94-04c1-424b-9868-57a2d4851a1d" />
    <TestEntry testId="0b378d9a-6583-b55f-35b0-eea1ece0a897" executionId="84980e08-d06c-4e15-91cf-08cb57fa110c" testListId="8c84fa94-04c1-424b-9868-57a2d4851a1d" />
    <TestEntry testId="46098c4c-d876-3463-9eb4-443e386a8459" executionId="51da8be3-c0c1-4ad1-a514-116223cd833a" testListId="8c84fa94-04c1-424b-9868-57a2d4851a1d" />
    <TestEntry testId="ccb7f12c-c2c7-e8c3-73b6-38c60b00775d" executionId="8a6ea487-8ebe-4fc0-8837-89b3995714ab" testListId="8c84fa94-04c1-424b-9868-57a2d4851a1d" />
    <TestEntry testId="62ceffd0-193c-77fb-b637-af8857e2a0a1" executionId="f4def207-7b02-4c98-8e0f-c14ab4e6e526" testListId="8c84fa94-04c1-424b-9868-57a2d4851a1d" />
    <TestEntry testId="5caac51c-2826-4134-4d10-6fbbec5391ad" executionId="9de56cf0-df6b-4969-8657-12b5edeeffce" testListId="8c84fa94-04c1-424b-9868-57a2d4851a1d" />
    <TestEntry testId="14d93a57-b332-046c-753e-814e87dc8c06" executionId="f95f4aff-66eb-4962-8c2f-1fed8afbd2c1" testListId="8c84fa94-04c1-424b-9868-57a2d4851a1d" />
    <TestEntry testId="66d9e69a-2c76-c2e0-57ff-7fef87532548" executionId="c56456e5-973b-4c0d-b177-44bff4aa107c" testListId="8c84fa94-04c1-424b-9868-57a2d4851a1d" />
    <TestEntry testId="48be869a-44d0-2fa1-f225-d2277c0d90de" executionId="6357e72a-6f9c-4a71-a38f-0766e0169d14" testListId="8c84fa94-04c1-424b-9868-57a2d4851a1d" />
    <TestEntry testId="3cbd2e1d-be43-0392-81c6-3479aa7cbd66" executionId="7d169cb5-94f6-4bcd-979a-527a81f4011a" testListId="8c84fa94-04c1-424b-9868-57a2d4851a1d" />
    <TestEntry testId="320a0aa1-ab60-c701-d8e7-d98185ffa4aa" executionId="adfa4322-ace3-4fcc-b6cf-f7c3bfc3b665" testListId="8c84fa94-04c1-424b-9868-57a2d4851a1d" />
    <TestEntry testId="4a63e06b-2977-a606-f906-adef2f4dc4ba" executionId="d9fa8be3-f3fa-4095-b927-0786659c74f6" testListId="8c84fa94-04c1-424b-9868-57a2d4851a1d" />
    <TestEntry testId="86521e22-20a1-f801-ec40-e5a1ae1b8d90" executionId="60a3428d-d73e-45d7-b9a8-49fe2c6de466" testListId="8c84fa94-04c1-424b-9868-57a2d4851a1d" />
  </TestEntries>
  <Results>
    <UnitTestResult executionId="a9f7320c-21aa-46b4-a98c-d7e5885c82a6" testId="d85feacb-cbc1-a5b1-ab33-968b7a817475" testName="CheckBalanceTest" computerName="ALPHERATZ" duration="00:00:00.0433794" startTime="2013-11-23T10:53:41.3234660+03:00" endTime="2013-11-23T10:53:43.0926381+03:00" testType="13cdc9d9-ddb5-4fa4-a97d-d965ccfc6d4b" outcome="Passed" testListId="8c84fa94-04c1-424b-9868-57a2d4851a1d" relativeResultsDirectory="a9f7320c-21aa-46b4-a98c-d7e5885c82a6">
      <Output>
        <StdOut>Current balance: 1728
 Interest rate: 0.2</StdOut>
      </Output>
    </UnitTestResult>
    <UnitTestResult executionId="b5a9463f-1c02-4d9b-8e3a-b5e7cd0f3237" testId="f792bb86-7bfb-5592-c7a0-d40ddb11646f" testName="WithdrawTest" computerName="ALPHERATZ" duration="00:00:00.0011976" startTime="2013-11-23T10:53:43.1226674+03:00" endTime="2013-11-23T10:53:43.1436715+03:00" testType="13cdc9d9-ddb5-4fa4-a97d-d965ccfc6d4b" outcome="Passed" testListId="8c84fa94-04c1-424b-9868-57a2d4851a1d" relativeResultsDirectory="b5a9463f-1c02-4d9b-8e3a-b5e7cd0f3237">
    </UnitTestResult>
    <UnitTestResult executionId="3a5fde8c-2872-4093-9504-44603f261924" testId="3fd24b6d-d52c-d2b5-ce46-c1241d8e76f9" testName="WithdrawTest1" computerName="ALPHERATZ" duration="00:00:00.0005538" startTime="2013-11-23T10:53:43.1566805+03:00" endTime="2013-11-23T10:53:43.1746924+03:00" testType="13cdc9d9-ddb5-4fa4-a97d-d965ccfc6d4b" outcome="Passed" testListId="8c84fa94-04c1-424b-9868-57a2d4851a1d" relativeResultsDirectory="3a5fde8c-2872-4093-9504-44603f261924">
    </UnitTestResult>
    <UnitTestResult executionId="d14892d9-8733-41c7-b8ec-1cb687998e20" testId="71c933a1-f685-40ae-60a9-41d52b805e86" testName="WithdrawTest" computerName="ALPHERATZ" duration="00:00:00.0027750" startTime="2013-11-23T10:53:43.2007132+03:00" endTime="2013-11-23T10:53:43.2257263+03:00" testType="13cdc9d9-ddb5-4fa4-a97d-d965ccfc6d4b" outcome="Passed" testListId="8c84fa94-04c1-424b-9868-57a2d4851a1d" relativeResultsDirectory="d14892d9-8733-41c7-b8ec-1cb687998e20">
    </UnitTestResult>
    <UnitTestResult executionId="a9100fb1-a439-440f-a7e1-505d4215eeea" testId="d4283844-5544-bd64-8504-6fefb31dfb59" testName="WithdrawTest1" computerName="ALPHERATZ" duration="00:00:00.0010061" startTime="2013-11-23T10:53:43.2447401+03:00" endTime="2013-11-23T10:53:43.2667542+03:00" testType="13cdc9d9-ddb5-4fa4-a97d-d965ccfc6d4b" outcome="Passed" testListId="8c84fa94-04c1-424b-9868-57a2d4851a1d" relativeResultsDirectory="a9100fb1-a439-440f-a7e1-505d4215eeea">
    </UnitTestResult>
    <UnitTestResult executionId="dac116f6-be75-4542-9e6a-486c600615d8" testId="81694bce-5837-2414-4d67-103ba283bc04" testName="CheckBalanceTest" computerName="ALPHERATZ" duration="00:00:00.0034058" startTime="2013-11-23T10:53:43.2927707+03:00" endTime="2013-11-23T10:53:43.3157860+03:00" testType="13cdc9d9-ddb5-4fa4-a97d-d965ccfc6d4b" outcome="Passed" testListId="8c84fa94-04c1-424b-9868-57a2d4851a1d" relativeResultsDirectory="dac116f6-be75-4542-9e6a-486c600615d8">
      <Output>
        <StdOut>Current balance: 492.5
 Transactions left: -3
Fee per transaction: 7.5</StdOut>
      </Output>
    </UnitTestResult>
    <UnitTestResult executionId="ec9b72aa-354f-417e-b14d-b28bd7fd759b" testId="58422d96-d1ba-b6b7-9f8e-c9d7a8785268" testName="CheckBalanceTest1" computerName="ALPHERATZ" duration="00:00:00.0008798" startTime="2013-11-23T10:53:43.3368003+03:00" endTime="2013-11-23T10:53:43.3588180+03:00" testType="13cdc9d9-ddb5-4fa4-a97d-d965ccfc6d4b" outcome="Passed" testListId="8c84fa94-04c1-424b-9868-57a2d4851a1d" relativeResultsDirectory="ec9b72aa-354f-417e-b14d-b28bd7fd759b">
      <Output>
        <StdOut>Current balance: 500
 Transactions left: 0
Fee per transaction: 7.5</StdOut>
      </Output>
    </UnitTestResult>
    <UnitTestResult executionId="8622639f-96de-46f4-a02f-026ea595629f" testId="bd322020-b0e7-2f58-3493-0b69867350e1" testName="CheckBalanceTest" computerName="ALPHERATZ" duration="00:00:00.0040610" startTime="2013-11-23T10:53:43.4768927+03:00" endTime="2013-11-23T10:53:43.5019132+03:00" testType="13cdc9d9-ddb5-4fa4-a97d-d965ccfc6d4b" outcome="Passed" testListId="8c84fa94-04c1-424b-9868-57a2d4851a1d" relativeResultsDirectory="8622639f-96de-46f4-a02f-026ea595629f">
      <Output>
        <StdOut>Current balance: -1050
 Interest rate: 0.05</StdOut>
      </Output>
    </UnitTestResult>
    <UnitTestResult executionId="83e23ff5-d6b5-4da9-a414-780556dabf2f" testId="4ca3fa70-5e7f-e23a-34a4-cb2747584b7e" testName="CheckBalanceTest1" computerName="ALPHERATZ" duration="00:00:00.0006493" startTime="2013-11-23T10:53:43.5189206+03:00" endTime="2013-11-23T10:53:43.5369321+03:00" testType="13cdc9d9-ddb5-4fa4-a97d-d965ccfc6d4b" outcome="Passed" testListId="8c84fa94-04c1-424b-9868-57a2d4851a1d" relativeResultsDirectory="83e23ff5-d6b5-4da9-a414-780556dabf2f">
      <Output>
        <StdOut>Current balance: 0
 Interest rate: 0.05</StdOut>
      </Output>
    </UnitTestResult>
    <UnitTestResult executionId="70b2ee18-5338-4d58-aae8-89242160c29b" testId="40119914-768a-91ac-7f5d-1560d2c1738d" testName="CheckBalanceTest2" computerName="ALPHERATZ" duration="00:00:00.0006631" startTime="2013-11-23T10:53:43.5539438+03:00" endTime="2013-11-23T10:53:43.5779601+03:00" testType="13cdc9d9-ddb5-4fa4-a97d-d965ccfc6d4b" outcome="Passed" testListId="8c84fa94-04c1-424b-9868-57a2d4851a1d" relativeResultsDirectory="70b2ee18-5338-4d58-aae8-89242160c29b">
      <Output>
        <StdOut>Current balance: 1
 Interest rate: 0.05</StdOut>
      </Output>
    </UnitTestResult>
    <UnitTestResult executionId="84980e08-d06c-4e15-91cf-08cb57fa110c" testId="0b378d9a-6583-b55f-35b0-eea1ece0a897" testName="AccruePercentsTest" computerName="ALPHERATZ" duration="00:00:00.0008261" startTime="2013-11-23T10:53:43.5989740+03:00" endTime="2013-11-23T10:53:43.6169856+03:00" testType="13cdc9d9-ddb5-4fa4-a97d-d965ccfc6d4b" outcome="Passed" testListId="8c84fa94-04c1-424b-9868-57a2d4851a1d" relativeResultsDirectory="84980e08-d06c-4e15-91cf-08cb57fa110c">
    </UnitTestResult>
    <UnitTestResult executionId="51da8be3-c0c1-4ad1-a514-116223cd833a" testId="46098c4c-d876-3463-9eb4-443e386a8459" testName="SavingsAccountConstructorTest" computerName="ALPHERATZ" duration="00:00:00.0004302" startTime="2013-11-23T10:53:43.6309948+03:00" endTime="2013-11-23T10:53:43.6480061+03:00" testType="13cdc9d9-ddb5-4fa4-a97d-d965ccfc6d4b" outcome="Passed" testListId="8c84fa94-04c1-424b-9868-57a2d4851a1d" relativeResultsDirectory="51da8be3-c0c1-4ad1-a514-116223cd833a">
    </UnitTestResult>
    <UnitTestResult executionId="8a6ea487-8ebe-4fc0-8837-89b3995714ab" testId="ccb7f12c-c2c7-e8c3-73b6-38c60b00775d" testName="SavingsAccountConstructorTest1" computerName="ALPHERATZ" duration="00:00:00.0003438" startTime="2013-11-23T10:53:43.6660185+03:00" endTime="2013-11-23T10:53:43.6850311+03:00" testType="13cdc9d9-ddb5-4fa4-a97d-d965ccfc6d4b" outcome="Passed" testListId="8c84fa94-04c1-424b-9868-57a2d4851a1d" relativeResultsDirectory="8a6ea487-8ebe-4fc0-8837-89b3995714ab">
    </UnitTestResult>
    <UnitTestResult executionId="f4def207-7b02-4c98-8e0f-c14ab4e6e526" testId="62ceffd0-193c-77fb-b637-af8857e2a0a1" testName="CheckBalanceTest" computerName="ALPHERATZ" duration="00:00:00.0008250" startTime="2013-11-23T10:53:43.7250572+03:00" endTime="2013-11-23T10:53:43.7460711+03:00" testType="13cdc9d9-ddb5-4fa4-a97d-d965ccfc6d4b" outcome="Passed" testListId="8c84fa94-04c1-424b-9868-57a2d4851a1d" relativeResultsDirectory="f4def207-7b02-4c98-8e0f-c14ab4e6e526">
      <Output>
        <StdOut>Current balance: 1000
 Penalty rate: 0.05</StdOut>
      </Output>
    </UnitTestResult>
    <UnitTestResult executionId="9de56cf0-df6b-4969-8657-12b5edeeffce" testId="5caac51c-2826-4134-4d10-6fbbec5391ad" testName="TimedMaturityAccountConstructorTest" computerName="ALPHERATZ" duration="00:00:00.0005423" startTime="2013-11-23T10:53:43.7570820+03:00" endTime="2013-11-23T10:53:43.7760946+03:00" testType="13cdc9d9-ddb5-4fa4-a97d-d965ccfc6d4b" outcome="Passed" testListId="8c84fa94-04c1-424b-9868-57a2d4851a1d" relativeResultsDirectory="9de56cf0-df6b-4969-8657-12b5edeeffce">
    </UnitTestResult>
    <UnitTestResult executionId="f95f4aff-66eb-4962-8c2f-1fed8afbd2c1" testId="14d93a57-b332-046c-753e-814e87dc8c06" testName="TimedMaturityAccountConstructorTest1" computerName="ALPHERATZ" duration="00:00:00.0004563" startTime="2013-11-23T10:53:43.7921016+03:00" endTime="2013-11-23T10:53:43.8091129+03:00" testType="13cdc9d9-ddb5-4fa4-a97d-d965ccfc6d4b" outcome="Passed" testListId="8c84fa94-04c1-424b-9868-57a2d4851a1d" relativeResultsDirectory="f95f4aff-66eb-4962-8c2f-1fed8afbd2c1">
    </UnitTestResult>
    <UnitTestResult executionId="c56456e5-973b-4c0d-b177-44bff4aa107c" testId="66d9e69a-2c76-c2e0-57ff-7fef87532548" testName="CheckingAccountConstructorTest" computerName="ALPHERATZ" duration="00:00:00.0004867" startTime="2013-11-23T10:53:43.8221219+03:00" endTime="2013-11-23T10:53:43.8391367+03:00" testType="13cdc9d9-ddb5-4fa4-a97d-d965ccfc6d4b" outcome="Passed" testListId="8c84fa94-04c1-424b-9868-57a2d4851a1d" relativeResultsDirectory="c56456e5-973b-4c0d-b177-44bff4aa107c">
    </UnitTestResult>
    <UnitTestResult executionId="6357e72a-6f9c-4a71-a38f-0766e0169d14" testId="48be869a-44d0-2fa1-f225-d2277c0d90de" testName="CheckingAccountConstructorTest1" computerName="ALPHERATZ" duration="00:00:00.0005964" startTime="2013-11-23T10:53:43.8491394+03:00" endTime="2013-11-23T10:53:43.8691531+03:00" testType="13cdc9d9-ddb5-4fa4-a97d-d965ccfc6d4b" outcome="Passed" testListId="8c84fa94-04c1-424b-9868-57a2d4851a1d" relativeResultsDirectory="6357e72a-6f9c-4a71-a38f-0766e0169d14">
    </UnitTestResult>
    <UnitTestResult executionId="7d169cb5-94f6-4bcd-979a-527a81f4011a" testId="3cbd2e1d-be43-0392-81c6-3479aa7cbd66" testName="ValidateTransactionNumberTest" computerName="ALPHERATZ" duration="00:00:00.0253031" startTime="2013-11-23T10:53:43.8831624+03:00" endTime="2013-11-23T10:53:43.9251894+03:00" testType="13cdc9d9-ddb5-4fa4-a97d-d965ccfc6d4b" outcome="Passed" testListId="8c84fa94-04c1-424b-9868-57a2d4851a1d" relativeResultsDirectory="7d169cb5-94f6-4bcd-979a-527a81f4011a">
    </UnitTestResult>
    <UnitTestResult executionId="adfa4322-ace3-4fcc-b6cf-f7c3bfc3b665" testId="320a0aa1-ab60-c701-d8e7-d98185ffa4aa" testName="OverdraftAccountConstructorTest" computerName="ALPHERATZ" duration="00:00:00.0005775" startTime="2013-11-23T10:53:43.9552101+03:00" endTime="2013-11-23T10:53:43.9752246+03:00" testType="13cdc9d9-ddb5-4fa4-a97d-d965ccfc6d4b" outcome="Passed" testListId="8c84fa94-04c1-424b-9868-57a2d4851a1d" relativeResultsDirectory="adfa4322-ace3-4fcc-b6cf-f7c3bfc3b665">
    </UnitTestResult>
    <UnitTestResult executionId="d9fa8be3-f3fa-4095-b927-0786659c74f6" testId="4a63e06b-2977-a606-f906-adef2f4dc4ba" testName="OverdraftAccountConstructorTest1" computerName="ALPHERATZ" duration="00:00:00.0004539" startTime="2013-11-23T10:53:43.9862303+03:00" endTime="2013-11-23T10:53:44.0042422+03:00" testType="13cdc9d9-ddb5-4fa4-a97d-d965ccfc6d4b" outcome="Passed" testListId="8c84fa94-04c1-424b-9868-57a2d4851a1d" relativeResultsDirectory="d9fa8be3-f3fa-4095-b927-0786659c74f6">
    </UnitTestResult>
    <UnitTestResult executionId="60a3428d-d73e-45d7-b9a8-49fe2c6de466" testId="86521e22-20a1-f801-ec40-e5a1ae1b8d90" testName="AccruePercentsTest" computerName="ALPHERATZ" duration="00:00:00.0019902" startTime="2013-11-23T10:53:44.0152495+03:00" endTime="2013-11-23T10:53:44.0362670+03:00" testType="13cdc9d9-ddb5-4fa4-a97d-d965ccfc6d4b" outcome="Passed" testListId="8c84fa94-04c1-424b-9868-57a2d4851a1d" relativeResultsDirectory="60a3428d-d73e-45d7-b9a8-49fe2c6de466">
    </UnitTestResult>
  </Results>
</TestRun>